<?xml version="1.0" encoding="UTF-8"?>
<!-- Generated by org.testng.reporters.JUnitReportReporter -->
<testsuite hostname="SHAH-LAPTOP" name="com.acti.Base.DriverScript" tests="1" failures="0" timestamp="28 Apr 2020 16:52:55 GMT" time="34.097" errors="0">
  <testcase name="initApp" time="34.097" classname="com.acti.Base.DriverScript"/>
</testsuite> <!-- com.acti.Base.DriverScript -->
