<?xml version="1.0" encoding="UTF-8"?>
<!-- Generated by org.testng.reporters.JUnitReportReporter -->
<testsuite hostname="SHAH-LAPTOP" name="com.acti.Base.DriverScript" tests="1" failures="0" timestamp="4 May 2020 19:11:13 GMT" time="27.613" errors="0">
  <testcase name="initApp" time="27.613" classname="com.acti.Base.DriverScript"/>
</testsuite> <!-- com.acti.Base.DriverScript -->
